0 info it worked if it ends with ok
1 verbose cli [ '/Users/Juan/.nvm/versions/node/v6.0.0/bin/node',
1 verbose cli   '/Users/Juan/.nvm/versions/node/v6.0.0/bin/npm',
1 verbose cli   'init' ]
2 info using npm@3.10.5
3 info using node@v6.0.0
4 silly package data undefined
5 info init written successfully
6 verbose stack Error: Command failed: git remote add origin https://github.com/juan267/time_tracking.git
6 verbose stack fatal: Not a git repository (or any of the parent directories): .git
6 verbose stack
6 verbose stack     at checkExecSyncError (child_process.js:470:13)
6 verbose stack     at Object.execSync (child_process.js:510:13)
6 verbose stack     at /Users/Juan/.npm-init.js:25:10
6 verbose stack     at PromZard.<anonymous> (/Users/Juan/.nvm/versions/node/v6.0.0/lib/node_modules/npm/node_modules/init-package-json/node_modules/promzard/promzard.js:226:19)
6 verbose stack     at Interface.onLine (/Users/Juan/.nvm/versions/node/v6.0.0/lib/node_modules/npm/node_modules/read/lib/read.js:111:5)
6 verbose stack     at emitOne (events.js:96:13)
6 verbose stack     at Interface.emit (events.js:188:7)
6 verbose stack     at Interface._onLine (readline.js:219:10)
6 verbose stack     at Interface._line (readline.js:561:8)
6 verbose stack     at Interface._ttyWrite (readline.js:838:14)
7 verbose cwd /Users/Juan/Documents/make-it-real/Front-End-Presencial/React/time_tracking
8 error Darwin 15.4.0
9 error argv "/Users/Juan/.nvm/versions/node/v6.0.0/bin/node" "/Users/Juan/.nvm/versions/node/v6.0.0/bin/npm" "init"
10 error node v6.0.0
11 error npm  v3.10.5
12 error file /bin/sh
13 error Command failed: git remote add origin https://github.com/juan267/time_tracking.git
13 error fatal: Not a git repository (or any of the parent directories): .git
14 error If you need help, you may report this error at:
14 error     <https://github.com/npm/npm/issues>
15 verbose exit [ 1, true ]
